Microsoft HTML Help Compiler 4.74.8702

Compiling c:\Users\Mariana\Desktop\TESISM~1\METALU~1\03_ITE~1\5TA_IT~1\Ayuda\metalsoft_tmphhp\metalsoft.chm

GettingStarted.html
Welcome.html
IntroducingYourProduct.html
metalsoft.hhc
metalsoft.hhk
GettingStarted1.PNG
Welcome1.PNG
Welcome2.PNG
Welcome3.JPG
IntroducingYourProduct1.PNG
IntroducingYourProduct2.PNG
IntroducingYourProduct3.PNG
IntroducingYourProduct4.PNG
hm.css

Compile time: 0 minutes, 3 seconds
5	Topics
19	Local links
0	Internet links
8	Graphics


Created c:\Users\Mariana\Desktop\TESISM~1\METALU~1\03_ITE~1\5TA_IT~1\Ayuda\metalsoft_tmphhp\metalsoft.chm, 761,949 bytes
Compression decreased file by 181,163 bytes.
